<?xml version="1.0" encoding="UTF-8"?>
<!-- Generated by org.testng.reporters.JUnitReportReporter -->
<testsuite hostname="DESKTOP-7UAF6SM" failures="0" tests="2" name="com.test.MultiTest" time="4.623" errors="0" timestamp="2023-10-10T14:52:06 EDT" skipped="0">
  <testcase classname="com.test.MultiTest" name="SelectDropDown" time="0.477"/>
  <testcase classname="com.test.MultiTest" name="AdvanceDropDown" time="4.146"/>
</testsuite> <!-- com.test.MultiTest -->
